\BOOKMARK [1][-]{section.1}{\376\377\000I\000n\000t\000r\000o\000d\000u\000z\000i\000o\000n\000e}{}% 1
\BOOKMARK [2][-]{subsection.1.1}{\376\377\000D\000o\000v\000e\000\040\000t\000r\000o\000v\000a\000r\000e\000\040\000i\000l\000\040\000p\000r\000o\000g\000e\000t\000t\000o}{section.1}% 2
\BOOKMARK [2][-]{subsection.1.2}{\376\377\000L\000'\000o\000b\000i\000e\000t\000t\000i\000v\000o\000\040\000d\000e\000l\000l\000a\000\040\000c\000h\000a\000t\000b\000o\000t\000\040\000B\000r\000i\000g\000i\000d}{section.1}% 3
\BOOKMARK [2][-]{subsection.1.3}{\376\377\000S\000c\000e\000l\000t\000a\000\040\000n\000o\000m\000e\000\040\000B\000r\000i\000g\000i\000d}{section.1}% 4
\BOOKMARK [2][-]{subsection.1.4}{\376\377\000M\000e\000t\000o\000d\000o\000l\000o\000g\000i\000a\000\040\000C\000R\000I\000S\000P\000-\000D\000M\000\040\000e\000\040\000A\000p\000p\000l\000i\000c\000a\000z\000i\000o\000n\000e\000\040\000n\000e\000l\000\040\000P\000r\000o\000g\000e\000t\000t\000o}{section.1}% 5
\BOOKMARK [1][-]{section.2}{\376\377\000C\000o\000m\000p\000r\000e\000n\000s\000i\000o\000n\000e\000\040\000d\000e\000l\000\040\000B\000u\000s\000i\000n\000e\000s\000s}{}% 6
\BOOKMARK [2][-]{subsection.2.1}{\376\377\000C\000o\000n\000t\000e\000s\000t\000o\000\040\000e\000\040\000M\000o\000t\000i\000v\000a\000z\000i\000o\000n\000i}{section.2}% 7
\BOOKMARK [2][-]{subsection.2.2}{\376\377\000O\000b\000i\000e\000t\000t\000i\000v\000i\000\040\000d\000e\000l\000l\000a\000\040\000C\000h\000a\000t\000b\000o\000t}{section.2}% 8
\BOOKMARK [2][-]{subsection.2.3}{\376\377\000R\000e\000q\000u\000i\000s\000i\000t\000i\000\040\000d\000e\000l\000\040\000P\000r\000o\000g\000e\000t\000t\000o}{section.2}% 9
\BOOKMARK [3][-]{subsubsection.2.3.1}{\376\377\000R\000e\000q\000u\000i\000s\000i\000t\000i\000\040\000F\000u\000n\000z\000i\000o\000n\000a\000l\000i}{subsection.2.3}% 10
\BOOKMARK [3][-]{subsubsection.2.3.2}{\376\377\000R\000e\000q\000u\000i\000s\000i\000t\000i\000\040\000T\000e\000c\000n\000i\000c\000i}{subsection.2.3}% 11
\BOOKMARK [2][-]{subsection.2.4}{\376\377\000B\000e\000n\000e\000f\000i\000c\000i\000\040\000A\000t\000t\000e\000s\000i}{section.2}% 12
\BOOKMARK [1][-]{section.3}{\376\377\000C\000o\000m\000p\000r\000e\000n\000s\000i\000o\000n\000e\000\040\000d\000e\000i\000\040\000d\000a\000t\000i}{}% 13
\BOOKMARK [2][-]{subsection.3.1}{\376\377\000S\000t\000r\000u\000t\000t\000u\000r\000a\000\040\000d\000e\000l\000\040\000D\000a\000t\000a\000s\000e\000t}{section.3}% 14
\BOOKMARK [3][-]{subsubsection.3.1.1}{\376\377\000E\000s\000e\000m\000p\000i\000o\000\040\000d\000i\000\040\000S\000t\000r\000u\000t\000t\000u\000r\000a\000\040\000d\000i\000\040\000u\000n\000\040\000I\000n\000t\000e\000n\000t\000o}{subsection.3.1}% 15
\BOOKMARK [2][-]{subsection.3.2}{\376\377\000T\000i\000p\000o\000l\000o\000g\000i\000e\000\040\000d\000i\000\040\000I\000n\000t\000e\000n\000t\000i}{section.3}% 16
\BOOKMARK [2][-]{subsection.3.3}{\376\377\000A\000n\000a\000l\000i\000s\000i\000\040\000d\000e\000l\000l\000a\000\040\000D\000i\000s\000t\000r\000i\000b\000u\000z\000i\000o\000n\000e\000\040\000d\000e\000i\000\040\000D\000a\000t\000i}{section.3}% 17
\BOOKMARK [2][-]{subsection.3.4}{\376\377\000T\000i\000p\000o\000l\000o\000g\000i\000a\000\040\000d\000i\000\040\000D\000a\000t\000i\000\040\000U\000t\000i\000l\000i\000z\000z\000a\000t\000i}{section.3}% 18
\BOOKMARK [2][-]{subsection.3.5}{\376\377\000P\000r\000o\000b\000l\000e\000m\000a\000t\000i\000c\000h\000e\000\040\000d\000e\000l\000\040\000D\000a\000t\000a\000s\000e\000t\000\040\000I\000n\000i\000z\000i\000a\000l\000e}{section.3}% 19
\BOOKMARK [2][-]{subsection.3.6}{\376\377\000A\000p\000p\000l\000i\000c\000a\000z\000i\000o\000n\000e\000\040\000d\000e\000l\000l\000a\000\040\000D\000a\000t\000a\000\040\000A\000u\000g\000m\000e\000n\000t\000a\000t\000i\000o\000n\000\040\000e\000\040\000B\000e\000n\000e\000f\000i\000c\000i}{section.3}% 20
\BOOKMARK [3][-]{subsubsection.3.6.1}{\376\377\000E\000s\000p\000a\000n\000s\000i\000o\000n\000e\000\040\000d\000e\000l\000\040\000D\000a\000t\000a\000s\000e\000t}{subsection.3.6}% 21
\BOOKMARK [3][-]{subsubsection.3.6.2}{\376\377\000O\000t\000t\000i\000m\000i\000z\000z\000a\000z\000i\000o\000n\000e\000\040\000d\000e\000i\000\040\000P\000a\000t\000t\000e\000r\000n}{subsection.3.6}% 22
\BOOKMARK [3][-]{subsubsection.3.6.3}{\376\377\000G\000e\000n\000e\000r\000a\000z\000i\000o\000n\000e\000\040\000d\000i\000\040\000N\000u\000o\000v\000i\000\040\000P\000a\000t\000t\000e\000r\000n\000\040\000c\000o\000n\000\040\000C\000h\000a\000t\000G\000P\000T}{subsection.3.6}% 23
\BOOKMARK [3][-]{subsubsection.3.6.4}{\376\377\000B\000e\000n\000e\000f\000i\000c\000i\000\040\000d\000e\000l\000l\000a\000\040\000D\000a\000t\000a\000\040\000A\000u\000g\000m\000e\000n\000t\000a\000t\000i\000o\000n}{subsection.3.6}% 24
\BOOKMARK [1][-]{section.4}{\376\377\000P\000r\000e\000p\000a\000r\000a\000z\000i\000o\000n\000e\000\040\000d\000e\000i\000\040\000D\000a\000t\000i}{}% 25
\BOOKMARK [2][-]{subsection.4.1}{\376\377\000P\000r\000e\000p\000a\000r\000a\000z\000i\000o\000n\000e\000\040\000d\000e\000i\000\040\000D\000a\000t\000i\000\040\000p\000e\000r\000\040\000i\000l\000\040\000P\000r\000e\000t\000r\000a\000i\000n\000\040\000d\000e\000l\000\040\000M\000o\000d\000e\000l\000l\000o}{section.4}% 26
\BOOKMARK [3][-]{subsubsection.4.1.1}{\376\377\000E\000s\000t\000r\000a\000z\000i\000o\000n\000e\000\040\000e\000\040\000P\000u\000l\000i\000z\000i\000a\000\040\000d\000e\000i\000\040\000D\000a\000t\000i}{subsection.4.1}% 27
\BOOKMARK [3][-]{subsubsection.4.1.2}{\376\377\000T\000o\000k\000e\000n\000i\000z\000z\000a\000z\000i\000o\000n\000e\000\040\000e\000\040\000G\000e\000n\000e\000r\000a\000z\000i\000o\000n\000e\000\040\000d\000e\000g\000l\000i\000\040\000E\000m\000b\000e\000d\000d\000i\000n\000g}{subsection.4.1}% 28
\BOOKMARK [3][-]{subsubsection.4.1.3}{\376\377\000A\000d\000d\000e\000s\000t\000r\000a\000m\000e\000n\000t\000o\000\040\000d\000e\000l\000\040\000M\000o\000d\000e\000l\000l\000o}{subsection.4.1}% 29
\BOOKMARK [2][-]{subsection.4.2}{\376\377\000P\000r\000e\000p\000a\000r\000a\000z\000i\000o\000n\000e\000\040\000d\000e\000i\000\040\000D\000a\000t\000i\000\040\000i\000n\000\040\000I\000n\000p\000u\000t\000\040\000n\000e\000l\000\040\000T\000e\000r\000m\000i\000n\000a\000l\000e}{section.4}% 30
\BOOKMARK [3][-]{subsubsection.4.2.1}{\376\377\000P\000u\000l\000i\000z\000i\000a\000\040\000d\000e\000l\000\040\000T\000e\000s\000t\000o\000\040\000U\000t\000e\000n\000t\000e}{subsection.4.2}% 31
\BOOKMARK [3][-]{subsubsection.4.2.2}{\376\377\000T\000o\000k\000e\000n\000i\000z\000z\000a\000z\000i\000o\000n\000e\000\040\000e\000\040\000G\000e\000n\000e\000r\000a\000z\000i\000o\000n\000e\000\040\000d\000e\000g\000l\000i\000\040\000E\000m\000b\000e\000d\000d\000i\000n\000g\000\040\000i\000n\000\040\000T\000e\000m\000p\000o\000\040\000R\000e\000a\000l\000e}{subsection.4.2}% 32
\BOOKMARK [1][-]{section.5}{\376\377\000M\000o\000d\000e\000l\000l\000a\000z\000i\000o\000n\000e}{}% 33
\BOOKMARK [2][-]{subsection.5.1}{\376\377\000E\000m\000b\000e\000d\000d\000i\000n\000g\000\040\000e\000\040\000R\000a\000p\000p\000r\000e\000s\000e\000n\000t\000a\000z\000i\000o\000n\000e\000\040\000d\000e\000l\000\040\000T\000e\000s\000t\000o}{section.5}% 34
\BOOKMARK [2][-]{subsection.5.2}{\376\377\000A\000r\000c\000h\000i\000t\000e\000t\000t\000u\000r\000a\000\040\000d\000e\000l\000\040\000M\000o\000d\000e\000l\000l\000o\000\040\000d\000i\000\040\000C\000l\000a\000s\000s\000i\000f\000i\000c\000a\000z\000i\000o\000n\000e}{section.5}% 35
\BOOKMARK [3][-]{subsubsection.5.2.1}{\376\377\000S\000t\000r\000u\000t\000t\000u\000r\000a\000\040\000d\000e\000l\000\040\000m\000o\000d\000e\000l\000l\000o}{subsection.5.2}% 36
\BOOKMARK [2][-]{subsection.5.3}{\376\377\000P\000r\000e\000d\000i\000z\000i\000o\000n\000e\000\040\000d\000e\000g\000l\000i\000\040\000I\000n\000t\000e\000n\000t\000i\000\040\000e\000\040\000G\000e\000n\000e\000r\000a\000z\000i\000o\000n\000e\000\040\000d\000e\000l\000l\000e\000\040\000R\000i\000s\000p\000o\000s\000t\000e}{section.5}% 37
\BOOKMARK [3][-]{subsubsection.5.3.1}{\376\377\000P\000r\000e\000p\000r\000o\000c\000e\000s\000s\000i\000n\000g\000\040\000d\000e\000l\000l\000'\000I\000n\000p\000u\000t\000\040\000U\000t\000e\000n\000t\000e}{subsection.5.3}% 38
\BOOKMARK [3][-]{subsubsection.5.3.2}{\376\377\000P\000r\000e\000d\000i\000z\000i\000o\000n\000e\000\040\000d\000e\000l\000l\000'\000I\000n\000t\000e\000n\000t\000o}{subsection.5.3}% 39
\BOOKMARK [2][-]{subsection.5.4}{\376\377\000U\000t\000i\000l\000i\000z\000z\000o\000\040\000d\000e\000l\000\040\000M\000o\000d\000e\000l\000l\000o\000\040\000G\000e\000n\000e\000r\000a\000t\000i\000v\000o\000\040\000G\000e\000m\000i\000n\000i}{section.5}% 40
\BOOKMARK [3][-]{subsubsection.5.4.1}{\376\377\000G\000e\000n\000e\000r\000a\000z\000i\000o\000n\000e\000\040\000d\000i\000\040\000u\000n\000a\000\040\000r\000i\000s\000p\000o\000s\000t\000a\000\040\000c\000o\000n\000\040\000G\000e\000m\000i\000n\000i}{subsection.5.4}% 41
\BOOKMARK [3][-]{subsubsection.5.4.2}{\376\377\000S\000e\000l\000e\000z\000i\000o\000n\000e\000\040\000d\000e\000l\000\040\000M\000o\000d\000e\000l\000l\000o\000\040\000d\000i\000\040\000R\000i\000s\000p\000o\000s\000t\000a}{subsection.5.4}% 42
\BOOKMARK [1][-]{section.6}{\376\377\000T\000e\000s\000t\000i\000n\000g\000\040\000d\000e\000l\000\040\000M\000o\000d\000e\000l\000l\000o}{}% 43
\BOOKMARK [2][-]{subsection.6.1}{\376\377\000I\000n\000t\000r\000o\000d\000u\000z\000i\000o\000n\000e}{section.6}% 44
\BOOKMARK [2][-]{subsection.6.2}{\376\377\000B\000a\000s\000e\000l\000i\000n\000e\000\040\000T\000e\000s\000t}{section.6}% 45
\BOOKMARK [3][-]{subsubsection.6.2.1}{\376\377\000M\000e\000t\000o\000d\000o\000\040\000d\000i\000\040\000e\000s\000e\000c\000u\000z\000i\000o\000n\000e}{subsection.6.2}% 46
\BOOKMARK [2][-]{subsection.6.3}{\376\377\000G\000e\000n\000e\000r\000a\000l\000i\000z\000a\000t\000i\000o\000n\000\040\000T\000e\000s\000t}{section.6}% 47
\BOOKMARK [3][-]{subsubsection.6.3.1}{\376\377\000M\000e\000t\000o\000d\000o\000\040\000d\000i\000\040\000e\000s\000e\000c\000u\000z\000i\000o\000n\000e}{subsection.6.3}% 48
\BOOKMARK [2][-]{subsection.6.4}{\376\377\000T\000h\000r\000e\000s\000h\000o\000l\000d\000\040\000T\000e\000s\000t}{section.6}% 49
\BOOKMARK [3][-]{subsubsection.6.4.1}{\376\377\000M\000e\000t\000o\000d\000o\000\040\000d\000i\000\040\000e\000s\000e\000c\000u\000z\000i\000o\000n\000e}{subsection.6.4}% 50
\BOOKMARK [2][-]{subsection.6.5}{\376\377\000R\000i\000s\000u\000l\000t\000a\000t\000i\000\040\000e\000\040\000C\000o\000n\000s\000i\000d\000e\000r\000a\000z\000i\000o\000n\000i}{section.6}% 51
\BOOKMARK [2][-]{subsection.6.6}{\376\377\000P\000o\000s\000s\000i\000b\000i\000l\000i\000\040\000M\000i\000g\000l\000i\000o\000r\000a\000m\000e\000n\000t\000i}{section.6}% 52
\BOOKMARK [1][-]{section.7}{\376\377\000D\000e\000p\000l\000o\000y\000m\000e\000n\000t\000\040\000d\000e\000l\000\040\000P\000r\000o\000g\000e\000t\000t\000o}{}% 53
\BOOKMARK [2][-]{subsection.7.1}{\376\377\000I\000n\000t\000r\000o\000d\000u\000z\000i\000o\000n\000e}{section.7}% 54
\BOOKMARK [2][-]{subsection.7.2}{\376\377\000C\000o\000n\000f\000i\000g\000u\000r\000a\000z\000i\000o\000n\000e\000\040\000d\000e\000l\000l\000'\000A\000m\000b\000i\000e\000n\000t\000e\000\040\000i\000n\000\040\000P\000y\000C\000h\000a\000r\000m}{section.7}% 55
\BOOKMARK [3][-]{subsubsection.7.2.1}{\376\377\000P\000a\000s\000s\000a\000g\000g\000i\000\040\000p\000e\000r\000\040\000l\000a\000\040\000C\000o\000n\000f\000i\000g\000u\000r\000a\000z\000i\000o\000n\000e}{subsection.7.2}% 56
\BOOKMARK [2][-]{subsection.7.3}{\376\377\000A\000v\000v\000i\000o\000\040\000d\000e\000l\000l\000a\000\040\000C\000h\000a\000t\000b\000o\000t}{section.7}% 57
\BOOKMARK [3][-]{subsubsection.7.3.1}{\376\377\000A\000v\000v\000i\000o\000\040\000d\000e\000l\000\040\000M\000o\000d\000e\000l\000l\000o}{subsection.7.3}% 58
\BOOKMARK [2][-]{subsection.7.4}{\376\377\000P\000o\000s\000s\000i\000b\000i\000l\000i\000\040\000P\000r\000o\000b\000l\000e\000m\000i\000\040\000e\000\040\000S\000o\000l\000u\000z\000i\000o\000n\000i}{section.7}% 59
\BOOKMARK [3][-]{subsubsection.7.4.1}{\376\377\000E\000r\000r\000o\000r\000e\000:\000\040\000M\000o\000d\000u\000l\000o\000\040\000n\000o\000n\000\040\000t\000r\000o\000v\000a\000t\000o\000\040\000\050\000M\000o\000d\000u\000l\000e\000N\000o\000t\000F\000o\000u\000n\000d\000E\000r\000r\000o\000r\000\051}{subsection.7.4}% 60
\BOOKMARK [3][-]{subsubsection.7.4.2}{\376\377\000E\000r\000r\000o\000r\000e\000:\000\040\000F\000i\000l\000e\000\040\000.\000k\000e\000r\000a\000s\000\040\000n\000o\000n\000\040\000t\000r\000o\000v\000a\000t\000o}{subsection.7.4}% 61
\BOOKMARK [3][-]{subsubsection.7.4.3}{\376\377\000E\000r\000r\000o\000r\000e\000:\000\040\000A\000P\000I\000\040\000K\000e\000y\000\040\000m\000a\000n\000c\000a\000n\000t\000e\000\040\000p\000e\000r\000\040\000G\000e\000m\000i\000n\000i}{subsection.7.4}% 62
\BOOKMARK [2][-]{subsection.7.5}{\376\377\000C\000o\000n\000s\000i\000d\000e\000r\000a\000z\000i\000o\000n\000i\000\040\000F\000i\000n\000a\000l\000i}{section.7}% 63
\BOOKMARK [1][-]{section.8}{\376\377\000M\000i\000g\000l\000i\000o\000r\000a\000m\000e\000n\000t\000i\000\040\000F\000u\000t\000u\000r\000i\000\040\000e\000\040\000E\000v\000o\000l\000u\000z\000i\000o\000n\000e\000\040\000d\000e\000l\000\040\000P\000r\000o\000g\000e\000t\000t\000o}{}% 64
\BOOKMARK [2][-]{subsection.8.1}{\376\377\000I\000n\000t\000r\000o\000d\000u\000z\000i\000o\000n\000e}{section.8}% 65
\BOOKMARK [2][-]{subsection.8.2}{\376\377\000C\000o\000m\000p\000r\000e\000n\000s\000i\000o\000n\000e\000\040\000d\000e\000l\000\040\000B\000u\000s\000i\000n\000e\000s\000s\000\040\000\050\000B\000u\000s\000i\000n\000e\000s\000s\000\040\000U\000n\000d\000e\000r\000s\000t\000a\000n\000d\000i\000n\000g\000\051}{section.8}% 66
\BOOKMARK [2][-]{subsection.8.3}{\376\377\000C\000o\000m\000p\000r\000e\000n\000s\000i\000o\000n\000e\000\040\000d\000e\000i\000\040\000D\000a\000t\000i\000\040\000\050\000D\000a\000t\000a\000\040\000U\000n\000d\000e\000r\000s\000t\000a\000n\000d\000i\000n\000g\000\051}{section.8}% 67
\BOOKMARK [2][-]{subsection.8.4}{\376\377\000P\000r\000e\000p\000a\000r\000a\000z\000i\000o\000n\000e\000\040\000d\000e\000i\000\040\000D\000a\000t\000i\000\040\000\050\000D\000a\000t\000a\000\040\000P\000r\000e\000p\000a\000r\000a\000t\000i\000o\000n\000\051}{section.8}% 68
\BOOKMARK [2][-]{subsection.8.5}{\376\377\000M\000o\000d\000e\000l\000l\000a\000z\000i\000o\000n\000e\000\040\000\050\000M\000o\000d\000e\000l\000i\000n\000g\000\051}{section.8}% 69
\BOOKMARK [2][-]{subsection.8.6}{\376\377\000V\000a\000l\000u\000t\000a\000z\000i\000o\000n\000e\000\040\000\050\000E\000v\000a\000l\000u\000a\000t\000i\000o\000n\000\051}{section.8}% 70
\BOOKMARK [2][-]{subsection.8.7}{\376\377\000D\000e\000p\000l\000o\000y\000m\000e\000n\000t\000\040\000e\000\040\000M\000a\000n\000u\000t\000e\000n\000z\000i\000o\000n\000e}{section.8}% 71
\BOOKMARK [2][-]{subsection.8.8}{\376\377\000C\000o\000n\000c\000l\000u\000s\000i\000o\000n\000e}{section.8}% 72
\BOOKMARK [1][-]{section.9}{\376\377\000G\000l\000o\000s\000s\000a\000r\000i\000o}{}% 73
